<?xml version="1.0" encoding="UTF-8"?>
<testng-results skipped="0" failed="0" ignored="0" total="1" passed="1">
  <reporter-output>
  </reporter-output>
  <suite name="SampleTestSuite" duration-ms="17485" started-at="2021-09-29T11:42:32 IST" finished-at="2021-09-29T11:42:49 IST">
    <groups>
    </groups>
    <test name="SampleTest01" duration-ms="17485" started-at="2021-09-29T11:42:32 IST" finished-at="2021-09-29T11:42:49 IST">
      <class name="seleniumproject.Sample">
        <test-method status="PASS" signature="mavsel()[pri:0, instance:seleniumproject.Sample@58eac00e]" name="mavsel" duration-ms="17422" started-at="2021-09-29T11:42:32 IST" finished-at="2021-09-29T11:42:49 IST">
          <reporter-output>
          </reporter-output>
        </test-method> <!-- mavsel -->
      </class> <!-- seleniumproject.Sample -->
    </test> <!-- SampleTest01 -->
  </suite> <!-- SampleTestSuite -->
</testng-results>
