<?xml version="1.0" encoding="UTF-8"?>
<testng-results ignored="0" total="2" passed="2" failed="0" skipped="0">
  <reporter-output>
  </reporter-output>
  <suite started-at="2021-09-28T12:52:20 IST" name="SampleSuite2" finished-at="2021-09-28T12:53:19 IST" duration-ms="58294">
    <groups>
    </groups>
    <test started-at="2021-09-28T12:52:20 IST" name="SampleTest" finished-at="2021-09-28T12:52:47 IST" duration-ms="26837">
      <class name="seleniumproject.RecorderScripts">
        <test-method is-config="true" signature="setup(java.lang.String)[pri:0, instance:seleniumproject.RecorderScripts@1e04fa0a]" started-at="2021-09-28T12:52:20 IST" name="setup" finished-at="2021-09-28T12:52:26 IST" duration-ms="5447" status="PASS">
          <params>
            <param index="0">
              <value>
                <![CDATA[Chrome]]>
              </value>
            </param>
          </params>
          <reporter-output>
          </reporter-output>
        </test-method> <!-- setup -->
        <test-method signature="testParameterWithXML()[pri:0, instance:seleniumproject.RecorderScripts@1e04fa0a]" started-at="2021-09-28T12:52:26 IST" name="testParameterWithXML" finished-at="2021-09-28T12:52:47 IST" duration-ms="21299" status="PASS">
          <reporter-output>
          </reporter-output>
        </test-method> <!-- testParameterWithXML -->
      </class> <!-- seleniumproject.RecorderScripts -->
    </test> <!-- SampleTest -->
    <test started-at="2021-09-28T12:52:47 IST" name="Sample2Test" finished-at="2021-09-28T12:53:19 IST" duration-ms="31193">
      <class name="seleniumproject.RecorderScripts">
        <test-method is-config="true" signature="setup(java.lang.String)[pri:0, instance:seleniumproject.RecorderScripts@27462a88]" started-at="2021-09-28T12:52:48 IST" name="setup" finished-at="2021-09-28T12:52:54 IST" duration-ms="6637" status="PASS">
          <params>
            <param index="0">
              <value>
                <![CDATA[Firefox]]>
              </value>
            </param>
          </params>
          <reporter-output>
          </reporter-output>
        </test-method> <!-- setup -->
        <test-method signature="testParameterWithXML()[pri:0, instance:seleniumproject.RecorderScripts@27462a88]" started-at="2021-09-28T12:52:54 IST" name="testParameterWithXML" finished-at="2021-09-28T12:53:19 IST" duration-ms="24550" status="PASS">
          <reporter-output>
          </reporter-output>
        </test-method> <!-- testParameterWithXML -->
      </class> <!-- seleniumproject.RecorderScripts -->
    </test> <!-- Sample2Test -->
  </suite> <!-- SampleSuite2 -->
</testng-results>
